<?xml version="1.0" encoding="UTF-8"?>
<!-- Generated by org.testng.reporters.JUnitReportReporter -->
<testsuite hostname="admin-PC" name="angara.HomePage" tests="11" failures="0" timestamp="22 Apr 2020 14:35:50 GMT" time="303.713" errors="0">
  <testcase name="ProceedToPayment" time="34.394" classname="angara.HomePage"/>
  <testcase name="initializeBrowser" time="55.861" classname="angara.HomePage"/>
  <testcase name="clickFilterDropdown" time="21.039" classname="angara.HomePage"/>
  <testcase name="CheckOutPage" time="11.902" classname="angara.HomePage"/>
  <testcase name="ProductName" time="42.576" classname="angara.HomePage"/>
  <testcase name="clickOnproduct" time="11.427" classname="angara.HomePage"/>
  <testcase name="verifySelectedOption" time="18.012" classname="angara.HomePage"/>
  <testcase name="verifyCheckoutPage" time="56.016" classname="angara.HomePage"/>
  <testcase name="VerifyProductNameandPriceOnCart" time="30.828" classname="angara.HomePage"/>
  <testcase name="clickOnBlueSapphire" time="21.563" classname="angara.HomePage"/>
  <testcase name="getTitleName" time="0.095" classname="angara.HomePage"/>
</testsuite> <!-- angara.HomePage -->
